<?xml version="1.0" encoding="UTF-8"?>
<testsuite xmlns:xsi="http://www.w3.org/2001/XMLSchema-instance" xsi:noNamespaceSchemaLocation="https://maven.apache.org/surefire/maven-surefire-plugin/xsd/surefire-test-report-3.0.xsd" version="3.0" name="kr.morisan.mock.MockApplicationTests" time="2.741" tests="1" errors="0" skipped="0" failures="0">
  <properties>
[...]
</properties>
  <testcase name="contextLoads" classname="kr.morisan.mock.MockApplicationTests" time="0.76">
    <system-out><![CDATA[16:44:08.692 [main] INFO org.springframework.test.context.support.AnnotationConfigContextLoaderUtils -- Could not detect default configuration classes for test class [kr.morisan.mock.MockApplicationTests]: MockApplicationTests does not declare any static, non-private, non-final, nested classes annotated with @Configuration.
16:44:08.790 [main] INFO org.springframework.boot.test.context.SpringBootTestContextBootstrapper -- Found @SpringBootConfiguration kr.morisan.mock.MockApplication for test class kr.morisan.mock.MockApplicationTests

  .   ____          _            __ _ _
 /\\ / ___'_ __ _ _(_)_ __  __ _ \ \ \ \
( ( )\___ | '_ | '_| | '_ \/ _` | \ \ \ \
 \\/  ___)| |_)| | | | | || (_| |  ) ) ) )
  '  |____| .__|_| |_|_| |_\__, | / / / /
 =========|_|==============|___/=/_/_/_/

 :: Spring Boot ::       (v3.3.6-SNAPSHOT)

2024-10-29T16:44:09.129+09:00  INFO 5548 --- [mock] [           main] kr.morisan.mock.MockApplicationTests     : Starting MockApplicationTests using Java 17.0.12 with PID 5548 (started by USER in C:\Users\USER\Desktop\workspace\mock)
2024-10-29T16:44:09.131+09:00  INFO 5548 --- [mock] [           main] kr.morisan.mock.MockApplicationTests     : No active profile set, falling back to 1 default profile: "default"
2024-10-29T16:44:10.458+09:00  INFO 5548 --- [mock] [           main] o.s.b.a.e.web.EndpointLinksResolver      : Exposing 1 endpoint beneath base path '/actuator'
2024-10-29T16:44:10.500+09:00  INFO 5548 --- [mock] [           main] kr.morisan.mock.MockApplicationTests     : Started MockApplicationTests in 1.58 seconds (process running for 2.32)
]]></system-out>
  </testcase>
</testsuite>